2024-12-22 08:38:14,569 - INFO - プログラムを開始します。
2024-12-22 08:38:14,569 - INFO - データベースを初期化します。
2024-12-22 08:38:14,572 - INFO - 送信済みのURLを取得します。
2024-12-22 08:38:14,572 - INFO - DuckDuckGoで検索を実行します。
2024-12-22 08:38:15,833 - INFO - 20件の新しい検索結果が見つかりました。
2024-12-22 08:38:15,833 - INFO - 検索結果をデータベースに保存します。
2024-12-22 08:38:15,834 - INFO - プログラムを終了します。
2024-12-22 09:21:48,108 - INFO - プログラムを開始します。
2024-12-22 09:21:48,108 - INFO - データベースを初期化します。
2024-12-22 09:21:48,109 - INFO - 送信済みのURLを取得します。
2024-12-22 09:21:48,109 - INFO - DuckDuckGoで検索を実行します。
2024-12-22 09:21:49,372 - INFO - 20件の新しい検索結果が見つかりました。
2024-12-22 09:21:49,373 - INFO - 検索結果をデータベースに保存します。
2024-12-22 09:21:49,374 - INFO - プログラムを終了します。
2024-12-22 09:26:40,578 - INFO - プログラムを開始します。
2024-12-22 09:26:40,578 - INFO - データベースを初期化します。
2024-12-22 09:26:40,578 - INFO - 送信済みのURLを取得します。
2024-12-22 09:26:40,578 - INFO - DuckDuckGoで検索を実行します。
2024-12-22 09:26:41,971 - INFO - 16件の新しい検索結果が見つかりました。
2024-12-22 09:26:41,972 - INFO - 検索結果をデータベースに保存します。
2024-12-22 09:26:41,973 - INFO - プログラムを終了します。
